<?xml version="1.0" encoding="UTF-8"?>
<testsuite xmlns:xsi="http://www.w3.org/2001/XMLSchema-instance" xsi:noNamespaceSchemaLocation="https://maven.apache.org/surefire/maven-surefire-plugin/xsd/surefire-test-report.xsd" version="3.0.2" name="com.example.demopipeline.DemoPipelineApplicationTests" time="0.952" tests="1" errors="0" skipped="0" failures="0">
  <properties>
[...]
</properties>
  <testcase name="contextLoads" classname="com.example.demopipeline.DemoPipelineApplicationTests" time="0.006">
    <system-out><![CDATA[2025-06-09T22:33:57.745-04:00  INFO 26138 --- [           main] t.c.s.AnnotationConfigContextLoaderUtils : Could not detect default configuration classes for test class [com.example.demopipeline.DemoPipelineApplicationTests]: DemoPipelineApplicationTests does not declare any static, non-private, non-final, nested classes annotated with @Configuration.
2025-06-09T22:33:57.758-04:00  INFO 26138 --- [           main] .b.t.c.SpringBootTestContextBootstrapper : Found @SpringBootConfiguration com.example.demopipeline.DemoPipelineApplication for test class com.example.demopipeline.DemoPipelineApplicationTests
2025-06-09T22:33:57.765-04:00  INFO 26138 --- [           main] o.s.b.d.r.RestartApplicationListener     : Restart disabled due to context in which it is running

  .   ____          _            __ _ _
 /\\ / ___'_ __ _ _(_)_ __  __ _ \ \ \ \
( ( )\___ | '_ | '_| | '_ \/ _` | \ \ \ \
 \\/  ___)| |_)| | | | | || (_| |  ) ) ) )
  '  |____| .__|_| |_|_| |_\__, | / / / /
 =========|_|==============|___/=/_/_/_/

 :: Spring Boot ::                (v3.4.5)

2025-06-09T22:33:57.793-04:00  INFO 26138 --- [           main] c.e.d.DemoPipelineApplicationTests       : Starting DemoPipelineApplicationTests using Java 17.0.15 with PID 26138 (started by wyiu in /home/wyiu/personal/demopipeline)
2025-06-09T22:33:57.794-04:00  INFO 26138 --- [           main] c.e.d.DemoPipelineApplicationTests       : No active profile set, falling back to 1 default profile: "default"
2025-06-09T22:33:58.602-04:00  INFO 26138 --- [           main] o.s.b.a.e.web.EndpointLinksResolver      : Exposing 1 endpoint beneath base path '/actuator'
2025-06-09T22:33:58.647-04:00  INFO 26138 --- [           main] c.e.d.DemoPipelineApplicationTests       : Started DemoPipelineApplicationTests in 0.883 seconds (process running for 5.665)
]]></system-out>
  </testcase>
</testsuite>